<?xml version="1.0" encoding="utf-8"?>
<coverage branch-rate="NaN" branches-covered="NaN" branches-valid="NaN" complexity="NaN" line-rate="0" lines-covered="0" lines-valid="15" timestamp="736845.6945" version="NaN">
   <sources>
      <source>S:\mab2017\ci\externalmfile.m</source>
   </sources>
   <packages>
      <package branch-rate="NaN" complexity="NaN" line-rate="0" name="">
         <classes>
            <class branch-rate="NaN" complexity="NaN" filename="S:\mab2017\ci\externalmfile.m" line-rate="0" name="externalmfile">
               <methods/>
               <lines>
                  <line branch="NaN" condition-coverage="NaN" hits="0" number="6"/>
                  <line branch="NaN" condition-coverage="NaN" hits="0" number="7"/>
                  <line branch="NaN" condition-coverage="NaN" hits="0" number="8"/>
                  <line branch="NaN" condition-coverage="NaN" hits="0" number="9"/>
                  <line branch="NaN" condition-coverage="NaN" hits="0" number="12"/>
                  <line branch="NaN" condition-coverage="NaN" hits="0" number="13"/>
                  <line branch="NaN" condition-coverage="NaN" hits="0" number="16"/>
                  <line branch="NaN" condition-coverage="NaN" hits="0" number="18"/>
                  <line branch="NaN" condition-coverage="NaN" hits="0" number="19"/>
                  <line branch="NaN" condition-coverage="NaN" hits="0" number="23"/>
                  <line branch="NaN" condition-coverage="NaN" hits="0" number="24"/>
                  <line branch="NaN" condition-coverage="NaN" hits="0" number="25"/>
                  <line branch="NaN" condition-coverage="NaN" hits="0" number="26"/>
                  <line branch="NaN" condition-coverage="NaN" hits="0" number="27"/>
                  <line branch="NaN" condition-coverage="NaN" hits="0" number="28"/>
               </lines>
            </class>
         </classes>
      </package>
   </packages>
</coverage>